<?xml version="1.0" encoding="UTF-8"?>
<testsuite xmlns:xsi="http://www.w3.org/2001/XMLSchema-instance" xsi:noNamespaceSchemaLocation="https://maven.apache.org/surefire/maven-surefire-plugin/xsd/surefire-test-report.xsd" version="3.0.2" name="com.example.interview_scheduler.InterviewSchedulerApplicationTests" time="4.505" tests="1" errors="0" skipped="0" failures="0">
  <properties>
[...]
</properties>
  <testcase name="contextLoads" classname="com.example.interview_scheduler.InterviewSchedulerApplicationTests" time="0.011">
    <system-out><![CDATA[19:27:14.911 [main] INFO org.springframework.test.context.support.AnnotationConfigContextLoaderUtils -- Could not detect default configuration classes for test class [com.example.interview_scheduler.InterviewSchedulerApplicationTests]: InterviewSchedulerApplicationTests does not declare any static, non-private, non-final, nested classes annotated with @Configuration.
19:27:15.011 [main] INFO org.springframework.boot.test.context.SpringBootTestContextBootstrapper -- Found @SpringBootConfiguration com.example.interview_scheduler.InterviewSchedulerApplication for test class com.example.interview_scheduler.InterviewSchedulerApplicationTests

  .   ____          _            __ _ _
 /\\ / ___'_ __ _ _(_)_ __  __ _ \ \ \ \
( ( )\___ | '_ | '_| | '_ \/ _` | \ \ \ \
 \\/  ___)| |_)| | | | | || (_| |  ) ) ) )
  '  |____| .__|_| |_|_| |_\__, | / / / /
 =========|_|==============|___/=/_/_/_/

 :: Spring Boot ::                (v3.5.6)

2025-10-02T19:27:15.457+05:00  INFO 30559 --- [interview-scheduler] [           main] c.e.i.InterviewSchedulerApplicationTests : Starting InterviewSchedulerApplicationTests using Java 22.0.2 with PID 30559 (started by zuhair in /home/zuhair/Development/Backend/Spring Boot Projects/Projects/interview-scheduler)
2025-10-02T19:27:15.458+05:00  INFO 30559 --- [interview-scheduler] [           main] c.e.i.InterviewSchedulerApplicationTests : No active profile set, falling back to 1 default profile: "default"
2025-10-02T19:27:16.195+05:00  INFO 30559 --- [interview-scheduler] [           main] .s.d.r.c.RepositoryConfigurationDelegate : Bootstrapping Spring Data JPA repositories in DEFAULT mode.
2025-10-02T19:27:16.241+05:00  INFO 30559 --- [interview-scheduler] [           main] .s.d.r.c.RepositoryConfigurationDelegate : Finished Spring Data repository scanning in 37 ms. Found 2 JPA repository interfaces.
2025-10-02T19:27:16.731+05:00  INFO 30559 --- [interview-scheduler] [           main] o.hibernate.jpa.internal.util.LogHelper  : HHH000204: Processing PersistenceUnitInfo [name: default]
2025-10-02T19:27:16.777+05:00  INFO 30559 --- [interview-scheduler] [           main] org.hibernate.Version                    : HHH000412: Hibernate ORM core version 6.6.29.Final
2025-10-02T19:27:16.810+05:00  INFO 30559 --- [interview-scheduler] [           main] o.h.c.internal.RegionFactoryInitiator    : HHH000026: Second-level cache disabled
2025-10-02T19:27:16.941+05:00  INFO 30559 --- [interview-scheduler] [           main] o.s.o.j.p.SpringPersistenceUnitInfo      : No LoadTimeWeaver setup: ignoring JPA class transformer
2025-10-02T19:27:16.981+05:00  INFO 30559 --- [interview-scheduler] [           main] com.zaxxer.hikari.HikariDataSource       : HikariPool-1 - Starting...
2025-10-02T19:27:17.418+05:00  INFO 30559 --- [interview-scheduler] [           main] com.zaxxer.hikari.pool.HikariPool        : HikariPool-1 - Added connection org.postgresql.jdbc.PgConnection@41d84abb
2025-10-02T19:27:17.419+05:00  INFO 30559 --- [interview-scheduler] [           main] com.zaxxer.hikari.HikariDataSource       : HikariPool-1 - Start completed.
2025-10-02T19:27:17.449+05:00  WARN 30559 --- [interview-scheduler] [           main] org.hibernate.orm.deprecation            : HHH90000025: PostgreSQLDialect does not need to be specified explicitly using 'hibernate.dialect' (remove the property setting and it will be selected by default)
2025-10-02T19:27:17.482+05:00  INFO 30559 --- [interview-scheduler] [           main] org.hibernate.orm.connections.pooling    : HHH10001005: Database info:
	Database JDBC URL [Connecting through datasource 'HikariDataSource (HikariPool-1)']
	Database driver: undefined/unknown
	Database version: 16.10
	Autocommit mode: undefined/unknown
	Isolation level: undefined/unknown
	Minimum pool size: undefined/unknown
	Maximum pool size: undefined/unknown
2025-10-02T19:27:18.255+05:00  INFO 30559 --- [interview-scheduler] [           main] o.h.e.t.j.p.i.JtaPlatformInitiator       : HHH000489: No JTA platform available (set 'hibernate.transaction.jta.platform' to enable JTA platform integration)
2025-10-02T19:27:18.387+05:00  INFO 30559 --- [interview-scheduler] [           main] j.LocalContainerEntityManagerFactoryBean : Initialized JPA EntityManagerFactory for persistence unit 'default'
2025-10-02T19:27:18.870+05:00  WARN 30559 --- [interview-scheduler] [           main] JpaBaseConfiguration$JpaWebConfiguration : spring.jpa.open-in-view is enabled by default. Therefore, database queries may be performed during view rendering. Explicitly configure spring.jpa.open-in-view to disable this warning
2025-10-02T19:27:19.309+05:00  INFO 30559 --- [interview-scheduler] [           main] c.e.i.InterviewSchedulerApplicationTests : Started InterviewSchedulerApplicationTests in 4.153 seconds (process running for 6.214)
]]></system-out>
  </testcase>
</testsuite>